  [1m[36mSQL (0.4ms)[0m  [1m SELECT name
 FROM sqlite_master
 WHERE type = 'table' AND NOT name = 'sqlite_sequence'
[0m
  [1m[35mSQL (0.1ms)[0m  select sqlite_version(*)
  [1m[36mSQL (2.5ms)[0m  [1mCREATE TABLE "schema_migrations" ("version" varchar(255) NOT NULL) [0m
  [1m[35mSQL (0.1ms)[0m  PRAGMA index_list("schema_migrations")
  [1m[36mSQL (3.0ms)[0m  [1mCREATE UNIQUE INDEX "unique_schema_migrations" ON "schema_migrations" ("version")[0m
  [1m[35mSQL (0.2ms)[0m   SELECT name
 FROM sqlite_master
 WHERE type = 'table' AND NOT name = 'sqlite_sequence'
  [1m[36mSQL (0.1ms)[0m  [1m SELECT name
 FROM sqlite_master
 WHERE type = 'table' AND NOT name = 'sqlite_sequence'
[0m
  [1m[35mSQL (0.1ms)[0m  SELECT "schema_migrations"."version" FROM "schema_migrations"
Migrating to CreateUsers (20110808203005)
  [1m[36mSQL (0.5ms)[0m  [1mCREATE TABLE "users" ("id" INTEGER PRIMARY KEY AUTOINCREMENT NOT NULL, "name" varchar(255), "email" varchar(255), "created_at" datetime, "updated_at" datetime) [0m
  [1m[35mSQL (0.1ms)[0m  INSERT INTO "schema_migrations" ("version") VALUES ('20110808203005')
  [1m[36mSQL (0.2ms)[0m  [1m SELECT name
 FROM sqlite_master
 WHERE type = 'table' AND NOT name = 'sqlite_sequence'
[0m
  [1m[35mSQL (0.1ms)[0m  SELECT "schema_migrations"."version" FROM "schema_migrations"
  [1m[36mSQL (0.1ms)[0m  [1m SELECT name
 FROM sqlite_master
 WHERE type = 'table' AND NOT name = 'sqlite_sequence'
[0m
  [1m[35mSQL (0.0ms)[0m  PRAGMA index_list("users")
DEPRECATION WARNING: config.action_view.debug_rjs will be removed in 3.1, from 3.1 onwards you will need to install prototype-rails to continue to use RJS templates . (called from service at /System/Library/Frameworks/Ruby.framework/Versions/1.8/usr/lib/ruby/1.8/webrick/httpserver.rb:104)


Started GET "/rails/info/properties" for 127.0.0.1 at Wed Aug 10 08:38:52 -0700 2011
  Processing by Rails::InfoController#properties as 
  [1m[36mSQL (0.5ms)[0m  [1m SELECT name
 FROM sqlite_master
 WHERE type = 'table' AND NOT name = 'sqlite_sequence'
[0m
  [1m[35mSQL (0.2ms)[0m   SELECT name
 FROM sqlite_master
 WHERE type = 'table' AND NOT name = 'sqlite_sequence'
  [1m[36mSQL (13.8ms)[0m  [1mSELECT "schema_migrations"."version" FROM "schema_migrations"[0m
Rendered inline template (0.4ms)
Completed 200 OK in 48ms (Views: 1.6ms | ActiveRecord: 14.5ms)
DEPRECATION WARNING: config.action_view.debug_rjs will be removed in 3.1, from 3.1 onwards you will need to install prototype-rails to continue to use RJS templates . (called from service at /System/Library/Frameworks/Ruby.framework/Versions/1.8/usr/lib/ruby/1.8/webrick/httpserver.rb:104)
DEPRECATION WARNING: config.action_view.debug_rjs will be removed in 3.1, from 3.1 onwards you will need to install prototype-rails to continue to use RJS templates . (called from service at /System/Library/Frameworks/Ruby.framework/Versions/1.8/usr/lib/ruby/1.8/webrick/httpserver.rb:104)


Started GET "/users" for 127.0.0.1 at Wed Aug 10 09:06:01 -0700 2011
  Processing by UsersController#index as HTML
  [1m[36mUser Load (0.8ms)[0m  [1mSELECT "users".* FROM "users"[0m
Rendered users/index.html.erb within layouts/application (2.8ms)
Completed 200 OK in 50ms (Views: 10.4ms | ActiveRecord: 0.8ms)


Started GET "/users/new" for 127.0.0.1 at Wed Aug 10 09:06:12 -0700 2011
  Processing by UsersController#new as HTML
Rendered users/_form.html.erb (61.7ms)
Rendered users/new.html.erb within layouts/application (67.9ms)
Completed 200 OK in 156ms (Views: 151.0ms | ActiveRecord: 0.0ms)


Started POST "/users" for 127.0.0.1 at Wed Aug 10 09:06:35 -0700 2011
  Processing by UsersController#create as HTML
  Parameters: {"commit"=>"Create User", "authenticity_token"=>"N97l5CoWf0A4pDnqJhOHgJlnNlPCT6CX0cZ+mqChlYw=", "utf8"=>"\342\234\223", "user"=>{"name"=>"Jalal Farhat", "email"=>"redbassal@gmail.com"}}
  [1m[35mSQL (0.2ms)[0m   SELECT name
 FROM sqlite_master
 WHERE type = 'table' AND NOT name = 'sqlite_sequence'
  [1m[36mAREL (7.1ms)[0m  [1mINSERT INTO "users" ("email", "name", "updated_at", "created_at") VALUES ('redbassal@gmail.com', 'Jalal Farhat', '2011-08-10 16:06:35.159336', '2011-08-10 16:06:35.159336')[0m
Redirected to http://localhost:3000/users/1
Completed 302 Found in 79ms


Started GET "/users/1" for 127.0.0.1 at Wed Aug 10 09:06:35 -0700 2011
  Processing by UsersController#show as HTML
  Parameters: {"id"=>"1"}
  [1m[35mUser Load (0.2ms)[0m  SELECT "users".* FROM "users" WHERE "users"."id" = 1 LIMIT 1
Rendered users/show.html.erb within layouts/application (7.1ms)
Completed 200 OK in 29ms (Views: 23.3ms | ActiveRecord: 7.5ms)


Started GET "/users" for 127.0.0.1 at Wed Aug 10 09:06:47 -0700 2011
  Processing by UsersController#index as HTML
  [1m[36mUser Load (0.5ms)[0m  [1mSELECT "users".* FROM "users"[0m
Rendered users/index.html.erb within layouts/application (10.2ms)
Completed 200 OK in 52ms (Views: 18.3ms | ActiveRecord: 0.5ms)


Started GET "/users/new" for 127.0.0.1 at Wed Aug 10 09:06:58 -0700 2011
  Processing by UsersController#new as HTML
Rendered users/_form.html.erb (9.3ms)
Rendered users/new.html.erb within layouts/application (13.6ms)
Completed 200 OK in 44ms (Views: 19.5ms | ActiveRecord: 0.0ms)


Started POST "/users" for 127.0.0.1 at Wed Aug 10 09:07:48 -0700 2011
  Processing by UsersController#create as HTML
  Parameters: {"commit"=>"Create User", "authenticity_token"=>"N97l5CoWf0A4pDnqJhOHgJlnNlPCT6CX0cZ+mqChlYw=", "utf8"=>"\342\234\223", "user"=>{"name"=>"Good Friend", "email"=>"good@gmail.com"}}
  [1m[35mAREL (0.9ms)[0m  INSERT INTO "users" ("updated_at", "created_at", "name", "email") VALUES ('2011-08-10 16:07:48.162615', '2011-08-10 16:07:48.162615', 'Good Friend', 'good@gmail.com')
Redirected to http://localhost:3000/users/2
Completed 302 Found in 24ms


Started GET "/users/2" for 127.0.0.1 at Wed Aug 10 09:07:48 -0700 2011
  Processing by UsersController#show as HTML
  Parameters: {"id"=>"2"}
  [1m[36mUser Load (0.2ms)[0m  [1mSELECT "users".* FROM "users" WHERE "users"."id" = 2 LIMIT 1[0m
Rendered users/show.html.erb within layouts/application (7.1ms)
Completed 200 OK in 18ms (Views: 12.8ms | ActiveRecord: 1.0ms)


Started GET "/users" for 127.0.0.1 at Wed Aug 10 09:07:50 -0700 2011
  Processing by UsersController#index as HTML
  [1m[35mUser Load (0.4ms)[0m  SELECT "users".* FROM "users"
Rendered users/index.html.erb within layouts/application (8.6ms)
Completed 200 OK in 27ms (Views: 14.7ms | ActiveRecord: 0.4ms)


Started GET "/users/new" for 127.0.0.1 at Wed Aug 10 09:07:56 -0700 2011
  Processing by UsersController#new as HTML
Rendered users/_form.html.erb (17.7ms)
Rendered users/new.html.erb within layouts/application (22.0ms)
Completed 200 OK in 33ms (Views: 28.2ms | ActiveRecord: 0.0ms)


Started POST "/users" for 127.0.0.1 at Wed Aug 10 09:08:15 -0700 2011
  Processing by UsersController#create as HTML
  Parameters: {"commit"=>"Create User", "authenticity_token"=>"N97l5CoWf0A4pDnqJhOHgJlnNlPCT6CX0cZ+mqChlYw=", "utf8"=>"\342\234\223", "user"=>{"name"=>"New Name", "email"=>"name@gmail.com"}}
  [1m[36mAREL (1.0ms)[0m  [1mINSERT INTO "users" ("updated_at", "email", "created_at", "name") VALUES ('2011-08-10 16:08:15.944020', 'name@gmail.com', '2011-08-10 16:08:15.944020', 'New Name')[0m
Redirected to http://localhost:3000/users/3
Completed 302 Found in 31ms


Started GET "/users/3" for 127.0.0.1 at Wed Aug 10 09:08:15 -0700 2011
  Processing by UsersController#show as HTML
  Parameters: {"id"=>"3"}
  [1m[35mUser Load (0.1ms)[0m  SELECT "users".* FROM "users" WHERE "users"."id" = 3 LIMIT 1
Rendered users/show.html.erb within layouts/application (5.7ms)
Completed 200 OK in 16ms (Views: 11.2ms | ActiveRecord: 1.1ms)


Started GET "/users/1" for 127.0.0.1 at Wed Aug 10 09:08:52 -0700 2011
  Processing by UsersController#show as HTML
  Parameters: {"id"=>"1"}
  [1m[36mUser Load (0.1ms)[0m  [1mSELECT "users".* FROM "users" WHERE "users"."id" = 1 LIMIT 1[0m
Rendered users/show.html.erb within layouts/application (13.0ms)
Completed 200 OK in 25ms (Views: 19.1ms | ActiveRecord: 0.1ms)


Started GET "/users/l" for 127.0.0.1 at Wed Aug 10 09:09:05 -0700 2011
  Processing by UsersController#show as HTML
  Parameters: {"id"=>"l"}
  [1m[35mUser Load (0.2ms)[0m  SELECT "users".* FROM "users" WHERE "users"."id" = 0 LIMIT 1
Completed 404 Not Found in 9ms

ActiveRecord::RecordNotFound (Couldn't find User with ID=l):
  app/controllers/users_controller.rb:16:in `show'

Rendered /Library/Ruby/Gems/1.8/gems/actionpack-3.0.9/lib/action_dispatch/middleware/templates/rescues/_trace.erb (1.3ms)
Rendered /Library/Ruby/Gems/1.8/gems/actionpack-3.0.9/lib/action_dispatch/middleware/templates/rescues/_request_and_response.erb (6.3ms)
Rendered /Library/Ruby/Gems/1.8/gems/actionpack-3.0.9/lib/action_dispatch/middleware/templates/rescues/diagnostics.erb within rescues/layout (15.4ms)


Started GET "/users/" for 127.0.0.1 at Wed Aug 10 09:09:29 -0700 2011
  Processing by UsersController#index as HTML
  [1m[36mUser Load (0.6ms)[0m  [1mSELECT "users".* FROM "users"[0m
Rendered users/index.html.erb within layouts/application (12.3ms)
Completed 200 OK in 55ms (Views: 26.6ms | ActiveRecord: 0.8ms)


Started GET "/users/1" for 127.0.0.1 at Wed Aug 10 09:24:22 -0700 2011
  Processing by UsersController#show as HTML
  Parameters: {"id"=>"1"}
  [1m[35mUser Load (0.2ms)[0m  SELECT "users".* FROM "users" WHERE "users"."id" = 1 LIMIT 1
Rendered users/show.html.erb within layouts/application (6.6ms)
Completed 200 OK in 17ms (Views: 12.3ms | ActiveRecord: 0.2ms)


Started GET "/users/1/edit" for 127.0.0.1 at Wed Aug 10 09:24:27 -0700 2011
  Processing by UsersController#edit as HTML
  Parameters: {"id"=>"1"}
  [1m[36mUser Load (0.3ms)[0m  [1mSELECT "users".* FROM "users" WHERE "users"."id" = 1 LIMIT 1[0m
Rendered users/_form.html.erb (8.7ms)
Rendered users/edit.html.erb within layouts/application (13.7ms)
Completed 200 OK in 36ms (Views: 28.4ms | ActiveRecord: 0.3ms)


Started POST "/users/1" for 127.0.0.1 at Wed Aug 10 09:24:38 -0700 2011
  Processing by UsersController#update as HTML
  Parameters: {"commit"=>"Update User", "authenticity_token"=>"N97l5CoWf0A4pDnqJhOHgJlnNlPCT6CX0cZ+mqChlYw=", "utf8"=>"\342\234\223", "id"=>"1", "user"=>{"name"=>"Jalal S. Farhat", "email"=>"redbassal@gmail.com"}}
  [1m[35mUser Load (0.3ms)[0m  SELECT "users".* FROM "users" WHERE "users"."id" = 1 LIMIT 1
  [1m[36mAREL (0.3ms)[0m  [1mUPDATE "users" SET "updated_at" = '2011-08-10 16:24:38.846351', "name" = 'Jalal S. Farhat' WHERE "users"."id" = 1[0m
Redirected to http://localhost:3000/users/1
Completed 302 Found in 44ms


Started GET "/users/1" for 127.0.0.1 at Wed Aug 10 09:24:38 -0700 2011
  Processing by UsersController#show as HTML
  Parameters: {"id"=>"1"}
  [1m[35mUser Load (0.1ms)[0m  SELECT "users".* FROM "users" WHERE "users"."id" = 1 LIMIT 1
Rendered users/show.html.erb within layouts/application (7.3ms)
Completed 200 OK in 19ms (Views: 13.1ms | ActiveRecord: 0.7ms)


Started GET "/users" for 127.0.0.1 at Wed Aug 10 09:24:42 -0700 2011
  Processing by UsersController#index as HTML
  [1m[36mUser Load (0.5ms)[0m  [1mSELECT "users".* FROM "users"[0m
Rendered users/index.html.erb within layouts/application (9.5ms)
Completed 200 OK in 99ms (Views: 15.0ms | ActiveRecord: 0.5ms)


Started POST "/users/3" for 127.0.0.1 at Wed Aug 10 09:25:01 -0700 2011
  Processing by UsersController#destroy as HTML
  Parameters: {"authenticity_token"=>"N97l5CoWf0A4pDnqJhOHgJlnNlPCT6CX0cZ+mqChlYw=", "id"=>"3"}
  [1m[35mUser Load (0.1ms)[0m  SELECT "users".* FROM "users" WHERE "users"."id" = 3 LIMIT 1
  [1m[36mAREL (0.9ms)[0m  [1mDELETE FROM "users" WHERE "users"."id" = 3[0m
Redirected to http://localhost:3000/users
Completed 302 Found in 40ms


Started GET "/users" for 127.0.0.1 at Wed Aug 10 09:25:01 -0700 2011
  Processing by UsersController#index as HTML
  [1m[35mUser Load (0.6ms)[0m  SELECT "users".* FROM "users"
Rendered users/index.html.erb within layouts/application (8.5ms)
Completed 200 OK in 21ms (Views: 14.9ms | ActiveRecord: 1.7ms)
  [1m[36mSQL (0.4ms)[0m  [1m SELECT name
 FROM sqlite_master
 WHERE type = 'table' AND NOT name = 'sqlite_sequence'
[0m
  [1m[35mSQL (0.1ms)[0m   SELECT name
 FROM sqlite_master
 WHERE type = 'table' AND NOT name = 'sqlite_sequence'
  [1m[36mSQL (0.1ms)[0m  [1mSELECT "schema_migrations"."version" FROM "schema_migrations"[0m
Migrating to CreateUsers (20110808203005)
Migrating to CreateMicroposts (20110810165525)
  [1m[35mSQL (0.1ms)[0m  select sqlite_version(*)
  [1m[36mSQL (0.5ms)[0m  [1mCREATE TABLE "microposts" ("id" INTEGER PRIMARY KEY AUTOINCREMENT NOT NULL, "content" varchar(255), "user_id" integer, "created_at" datetime, "updated_at" datetime) [0m
  [1m[35mSQL (0.1ms)[0m  INSERT INTO "schema_migrations" ("version") VALUES ('20110810165525')
  [1m[36mSQL (0.2ms)[0m  [1m SELECT name
 FROM sqlite_master
 WHERE type = 'table' AND NOT name = 'sqlite_sequence'
[0m
  [1m[35mSQL (0.1ms)[0m  SELECT "schema_migrations"."version" FROM "schema_migrations"
  [1m[36mSQL (0.1ms)[0m  [1m SELECT name
 FROM sqlite_master
 WHERE type = 'table' AND NOT name = 'sqlite_sequence'
[0m
  [1m[35mSQL (0.1ms)[0m  PRAGMA index_list("microposts")
  [1m[36mSQL (0.0ms)[0m  [1mPRAGMA index_list("users")[0m
DEPRECATION WARNING: config.action_view.debug_rjs will be removed in 3.1, from 3.1 onwards you will need to install prototype-rails to continue to use RJS templates . (called from service at /System/Library/Frameworks/Ruby.framework/Versions/1.8/usr/lib/ruby/1.8/webrick/httpserver.rb:104)


Started GET "/users" for 127.0.0.1 at Wed Aug 10 09:58:55 -0700 2011
  Processing by UsersController#index as HTML
  [1m[36mUser Load (0.4ms)[0m  [1mSELECT "users".* FROM "users"[0m
Rendered users/index.html.erb within layouts/application (9.9ms)
Completed 200 OK in 38ms (Views: 16.0ms | ActiveRecord: 0.4ms)


Started GET "/microposts" for 127.0.0.1 at Wed Aug 10 09:59:23 -0700 2011
  Processing by MicropostsController#index as HTML
  [1m[35mMicropost Load (0.2ms)[0m  SELECT "microposts".* FROM "microposts"
Rendered microposts/index.html.erb within layouts/application (3.7ms)
Completed 200 OK in 92ms (Views: 86.7ms | ActiveRecord: 0.2ms)


Started GET "/microposts/new" for 127.0.0.1 at Wed Aug 10 10:00:34 -0700 2011
  Processing by MicropostsController#new as HTML
Rendered microposts/_form.html.erb (9.3ms)
Rendered microposts/new.html.erb within layouts/application (13.6ms)
Completed 200 OK in 26ms (Views: 20.5ms | ActiveRecord: 0.0ms)


Started POST "/microposts" for 127.0.0.1 at Wed Aug 10 10:01:18 -0700 2011
  Processing by MicropostsController#create as HTML
  Parameters: {"commit"=>"Create Micropost", "micropost"=>{"user_id"=>"Jalal S. Farhat", "content"=>"It is a cloudy day on August 10, year 2011"}, "authenticity_token"=>"N97l5CoWf0A4pDnqJhOHgJlnNlPCT6CX0cZ+mqChlYw=", "utf8"=>"\342\234\223"}
  [1m[36mSQL (0.2ms)[0m  [1m SELECT name
 FROM sqlite_master
 WHERE type = 'table' AND NOT name = 'sqlite_sequence'
[0m
  [1m[35mAREL (0.4ms)[0m  INSERT INTO "microposts" ("created_at", "user_id", "content", "updated_at") VALUES ('2011-08-10 17:01:18.577427', 0, 'It is a cloudy day on August 10, year 2011', '2011-08-10 17:01:18.577427')
Redirected to http://localhost:3000/microposts/1
Completed 302 Found in 346ms


Started GET "/microposts/1" for 127.0.0.1 at Wed Aug 10 10:01:18 -0700 2011
  Processing by MicropostsController#show as HTML
  Parameters: {"id"=>"1"}
  [1m[36mMicropost Load (0.2ms)[0m  [1mSELECT "microposts".* FROM "microposts" WHERE "microposts"."id" = 1 LIMIT 1[0m
Rendered microposts/show.html.erb within layouts/application (7.7ms)
Completed 200 OK in 20ms (Views: 13.3ms | ActiveRecord: 0.8ms)


Started GET "/microposts/1/edit" for 127.0.0.1 at Wed Aug 10 10:01:26 -0700 2011
  Processing by MicropostsController#edit as HTML
  Parameters: {"id"=>"1"}
  [1m[35mMicropost Load (0.2ms)[0m  SELECT "microposts".* FROM "microposts" WHERE "microposts"."id" = 1 LIMIT 1
Rendered microposts/_form.html.erb (67.0ms)
Rendered microposts/edit.html.erb within layouts/application (71.4ms)
Completed 200 OK in 105ms (Views: 78.0ms | ActiveRecord: 0.2ms)


Started GET "/microposts" for 127.0.0.1 at Wed Aug 10 10:01:34 -0700 2011
  Processing by MicropostsController#index as HTML
  [1m[36mMicropost Load (0.4ms)[0m  [1mSELECT "microposts".* FROM "microposts"[0m
Rendered microposts/index.html.erb within layouts/application (7.5ms)
Completed 200 OK in 36ms (Views: 13.6ms | ActiveRecord: 0.4ms)


Started GET "/microposts/1" for 127.0.0.1 at Wed Aug 10 10:01:40 -0700 2011
  Processing by MicropostsController#show as HTML
  Parameters: {"id"=>"1"}
  [1m[35mMicropost Load (0.2ms)[0m  SELECT "microposts".* FROM "microposts" WHERE "microposts"."id" = 1 LIMIT 1
Rendered microposts/show.html.erb within layouts/application (12.4ms)
Completed 200 OK in 44ms (Views: 37.3ms | ActiveRecord: 0.2ms)


Started GET "/microposts" for 127.0.0.1 at Wed Aug 10 10:01:51 -0700 2011
  Processing by MicropostsController#index as HTML
  [1m[36mMicropost Load (0.4ms)[0m  [1mSELECT "microposts".* FROM "microposts"[0m
Rendered microposts/index.html.erb within layouts/application (13.7ms)
Completed 200 OK in 51ms (Views: 23.7ms | ActiveRecord: 0.4ms)


Started GET "/microposts/new" for 127.0.0.1 at Wed Aug 10 10:01:53 -0700 2011
  Processing by MicropostsController#new as HTML
Rendered microposts/_form.html.erb (6.8ms)
Rendered microposts/new.html.erb within layouts/application (73.0ms)
Completed 200 OK in 106ms (Views: 79.0ms | ActiveRecord: 0.0ms)


Started POST "/microposts" for 127.0.0.1 at Wed Aug 10 10:02:11 -0700 2011
  Processing by MicropostsController#create as HTML
  Parameters: {"commit"=>"Create Micropost", "micropost"=>{"user_id"=>"1", "content"=>"A confirm what user 0 said"}, "authenticity_token"=>"N97l5CoWf0A4pDnqJhOHgJlnNlPCT6CX0cZ+mqChlYw=", "utf8"=>"\342\234\223"}
  [1m[35mAREL (0.4ms)[0m  INSERT INTO "microposts" ("user_id", "content", "updated_at", "created_at") VALUES (1, 'A confirm what user 0 said', '2011-08-10 17:02:11.591456', '2011-08-10 17:02:11.591456')
Redirected to http://localhost:3000/microposts/2
Completed 302 Found in 28ms


Started GET "/microposts/2" for 127.0.0.1 at Wed Aug 10 10:02:11 -0700 2011
  Processing by MicropostsController#show as HTML
  Parameters: {"id"=>"2"}
  [1m[36mMicropost Load (0.2ms)[0m  [1mSELECT "microposts".* FROM "microposts" WHERE "microposts"."id" = 2 LIMIT 1[0m
Rendered microposts/show.html.erb within layouts/application (6.4ms)
Completed 200 OK in 20ms (Views: 12.8ms | ActiveRecord: 0.5ms)


Started GET "/microposts" for 127.0.0.1 at Wed Aug 10 10:02:16 -0700 2011
  Processing by MicropostsController#index as HTML
  [1m[35mMicropost Load (0.4ms)[0m  SELECT "microposts".* FROM "microposts"
Rendered microposts/index.html.erb within layouts/application (8.9ms)
Completed 200 OK in 37ms (Views: 19.0ms | ActiveRecord: 0.4ms)


Started GET "/microposts/2" for 127.0.0.1 at Wed Aug 10 10:02:23 -0700 2011
  Processing by MicropostsController#show as HTML
  Parameters: {"id"=>"2"}
  [1m[36mMicropost Load (0.2ms)[0m  [1mSELECT "microposts".* FROM "microposts" WHERE "microposts"."id" = 2 LIMIT 1[0m
Rendered microposts/show.html.erb within layouts/application (6.6ms)
Completed 200 OK in 37ms (Views: 29.8ms | ActiveRecord: 0.2ms)


Started GET "/microposts" for 127.0.0.1 at Wed Aug 10 10:03:08 -0700 2011
  Processing by MicropostsController#index as HTML
  [1m[35mMicropost Load (0.4ms)[0m  SELECT "microposts".* FROM "microposts"
Rendered microposts/index.html.erb within layouts/application (8.8ms)
Completed 200 OK in 19ms (Views: 14.1ms | ActiveRecord: 0.4ms)


Started GET "/microposts/1/edit" for 127.0.0.1 at Wed Aug 10 10:03:11 -0700 2011
  Processing by MicropostsController#edit as HTML
  Parameters: {"id"=>"1"}
  [1m[36mMicropost Load (1.1ms)[0m  [1mSELECT "microposts".* FROM "microposts" WHERE "microposts"."id" = 1 LIMIT 1[0m
Rendered microposts/_form.html.erb (7.8ms)
Rendered microposts/edit.html.erb within layouts/application (12.2ms)
Completed 200 OK in 44ms (Views: 17.8ms | ActiveRecord: 1.1ms)


Started POST "/microposts/1" for 127.0.0.1 at Wed Aug 10 10:03:18 -0700 2011
  Processing by MicropostsController#update as HTML
  Parameters: {"commit"=>"Update Micropost", "micropost"=>{"user_id"=>"1", "content"=>"It is a cloudy day on August 10, year 2011"}, "authenticity_token"=>"N97l5CoWf0A4pDnqJhOHgJlnNlPCT6CX0cZ+mqChlYw=", "utf8"=>"\342\234\223", "id"=>"1"}
  [1m[35mMicropost Load (0.2ms)[0m  SELECT "microposts".* FROM "microposts" WHERE "microposts"."id" = 1 LIMIT 1
  [1m[36mAREL (0.3ms)[0m  [1mUPDATE "microposts" SET "user_id" = 1, "updated_at" = '2011-08-10 17:03:18.120057' WHERE "microposts"."id" = 1[0m
Redirected to http://localhost:3000/microposts/1
Completed 302 Found in 54ms


Started GET "/microposts/1" for 127.0.0.1 at Wed Aug 10 10:03:18 -0700 2011
  Processing by MicropostsController#show as HTML
  Parameters: {"id"=>"1"}
  [1m[35mMicropost Load (0.2ms)[0m  SELECT "microposts".* FROM "microposts" WHERE "microposts"."id" = 1 LIMIT 1
Rendered microposts/show.html.erb within layouts/application (6.5ms)
Completed 200 OK in 18ms (Views: 12.3ms | ActiveRecord: 0.7ms)


Started GET "/microposts" for 127.0.0.1 at Wed Aug 10 10:03:21 -0700 2011
  Processing by MicropostsController#index as HTML
  [1m[36mMicropost Load (0.4ms)[0m  [1mSELECT "microposts".* FROM "microposts"[0m
Rendered microposts/index.html.erb within layouts/application (8.6ms)
Completed 200 OK in 117ms (Views: 85.8ms | ActiveRecord: 0.4ms)


Started GET "/microposts/1" for 127.0.0.1 at Wed Aug 10 10:03:23 -0700 2011
  Processing by MicropostsController#show as HTML
  Parameters: {"id"=>"1"}
  [1m[35mMicropost Load (0.2ms)[0m  SELECT "microposts".* FROM "microposts" WHERE "microposts"."id" = 1 LIMIT 1
Rendered microposts/show.html.erb within layouts/application (6.4ms)
Completed 200 OK in 18ms (Views: 12.0ms | ActiveRecord: 0.2ms)


Started GET "/microposts" for 127.0.0.1 at Wed Aug 10 10:03:28 -0700 2011
  Processing by MicropostsController#index as HTML
  [1m[36mMicropost Load (14.1ms)[0m  [1mSELECT "microposts".* FROM "microposts"[0m
Rendered microposts/index.html.erb within layouts/application (9.0ms)
Completed 200 OK in 41ms (Views: 20.8ms | ActiveRecord: 14.1ms)


Started GET "/microposts" for 127.0.0.1 at Wed Aug 10 10:13:32 -0700 2011
  Processing by MicropostsController#index as HTML
  [1m[35mSQL (0.4ms)[0m   SELECT name
 FROM sqlite_master
 WHERE type = 'table' AND NOT name = 'sqlite_sequence'
Completed 500 Internal Server Error in 7ms

NoMethodError (undefined method `belong_to' for #<Class:0x107a5c208>):
  app/models/micropost.rb:2
  app/controllers/microposts_controller.rb:5:in `index'

Rendered /Library/Ruby/Gems/1.8/gems/actionpack-3.0.9/lib/action_dispatch/middleware/templates/rescues/_trace.erb (1.1ms)
Rendered /Library/Ruby/Gems/1.8/gems/actionpack-3.0.9/lib/action_dispatch/middleware/templates/rescues/_request_and_response.erb (6.9ms)
Rendered /Library/Ruby/Gems/1.8/gems/actionpack-3.0.9/lib/action_dispatch/middleware/templates/rescues/diagnostics.erb within rescues/layout (12.9ms)


Started GET "/microposts" for 127.0.0.1 at Wed Aug 10 10:14:14 -0700 2011
  Processing by MicropostsController#index as HTML
  [1m[36mSQL (0.4ms)[0m  [1m SELECT name
 FROM sqlite_master
 WHERE type = 'table' AND NOT name = 'sqlite_sequence'
[0m
Completed 500 Internal Server Error in 5ms

NoMethodError (undefined method `belong_to' for #<Class:0x107d2bb78>):
  app/models/micropost.rb:2
  app/controllers/microposts_controller.rb:5:in `index'

Rendered /Library/Ruby/Gems/1.8/gems/actionpack-3.0.9/lib/action_dispatch/middleware/templates/rescues/_trace.erb (1.1ms)
Rendered /Library/Ruby/Gems/1.8/gems/actionpack-3.0.9/lib/action_dispatch/middleware/templates/rescues/_request_and_response.erb (4.9ms)
Rendered /Library/Ruby/Gems/1.8/gems/actionpack-3.0.9/lib/action_dispatch/middleware/templates/rescues/diagnostics.erb within rescues/layout (10.5ms)
  [1m[36mUser Load (0.9ms)[0m  [1mSELECT "users".* FROM "users" LIMIT 1[0m
  [1m[36mUser Load (0.4ms)[0m  [1mSELECT "users".* FROM "users" LIMIT 1[0m
DEPRECATION WARNING: config.action_view.debug_rjs will be removed in 3.1, from 3.1 onwards you will need to install prototype-rails to continue to use RJS templates . (called from service at /System/Library/Frameworks/Ruby.framework/Versions/1.8/usr/lib/ruby/1.8/webrick/httpserver.rb:104)


Started GET "/microposts" for 127.0.0.1 at Wed Aug 10 10:19:05 -0700 2011
  Processing by MicropostsController#index as HTML
  [1m[36mSQL (0.5ms)[0m  [1m SELECT name
 FROM sqlite_master
 WHERE type = 'table' AND NOT name = 'sqlite_sequence'
[0m
Completed 500 Internal Server Error in 8ms

NoMethodError (undefined method `belong_to' for #<Class:0x10d19dcb0>):
  app/models/micropost.rb:2
  app/controllers/microposts_controller.rb:5:in `index'

Rendered /Library/Ruby/Gems/1.8/gems/actionpack-3.0.9/lib/action_dispatch/middleware/templates/rescues/_trace.erb (1.5ms)
Rendered /Library/Ruby/Gems/1.8/gems/actionpack-3.0.9/lib/action_dispatch/middleware/templates/rescues/_request_and_response.erb (6.6ms)
Rendered /Library/Ruby/Gems/1.8/gems/actionpack-3.0.9/lib/action_dispatch/middleware/templates/rescues/diagnostics.erb within rescues/layout (15.7ms)


Started GET "/microposts/1/edit" for 127.0.0.1 at Wed Aug 10 10:19:16 -0700 2011
  Processing by MicropostsController#edit as HTML
  Parameters: {"id"=>"1"}
  [1m[35mSQL (0.3ms)[0m   SELECT name
 FROM sqlite_master
 WHERE type = 'table' AND NOT name = 'sqlite_sequence'
Completed 500 Internal Server Error in 14ms

NoMethodError (undefined method `belong_to' for #<Class:0x10d063ea8>):
  app/models/micropost.rb:2
  app/controllers/microposts_controller.rb:37:in `edit'

Rendered /Library/Ruby/Gems/1.8/gems/actionpack-3.0.9/lib/action_dispatch/middleware/templates/rescues/_trace.erb (1.4ms)
Rendered /Library/Ruby/Gems/1.8/gems/actionpack-3.0.9/lib/action_dispatch/middleware/templates/rescues/_request_and_response.erb (5.4ms)
Rendered /Library/Ruby/Gems/1.8/gems/actionpack-3.0.9/lib/action_dispatch/middleware/templates/rescues/diagnostics.erb within rescues/layout (12.7ms)
  [1m[35mUser Load (0.3ms)[0m  SELECT "users".* FROM "users" LIMIT 1
  [1m[36mUser Load (0.5ms)[0m  [1mSELECT "users".* FROM "users" LIMIT 1[0m
  [1m[35mUser Load (0.7ms)[0m  SELECT "users".* FROM "users" LIMIT 1
  [1m[36mSQL (0.2ms)[0m  [1m SELECT name
 FROM sqlite_master
 WHERE type = 'table' AND NOT name = 'sqlite_sequence'
[0m
  [1m[35mSQL (0.2ms)[0m   SELECT name
 FROM sqlite_master
 WHERE type = 'table' AND NOT name = 'sqlite_sequence'
  [1m[36mUser Load (0.4ms)[0m  [1mSELECT "users".* FROM "users" LIMIT 1[0m
  [1m[35mSQL (0.3ms)[0m   SELECT name
 FROM sqlite_master
 WHERE type = 'table' AND NOT name = 'sqlite_sequence'
  [1m[36mUser Load (0.4ms)[0m  [1mSELECT "users".* FROM "users" LIMIT 1[0m
  [1m[35mSQL (0.3ms)[0m   SELECT name
 FROM sqlite_master
 WHERE type = 'table' AND NOT name = 'sqlite_sequence'
  [1m[36mUser Load (0.5ms)[0m  [1mSELECT "users".* FROM "users" LIMIT 1[0m
  [1m[35mSQL (0.2ms)[0m   SELECT name
 FROM sqlite_master
 WHERE type = 'table' AND NOT name = 'sqlite_sequence'
  [1m[36mUser Load (0.5ms)[0m  [1mSELECT "users".* FROM "users" LIMIT 1[0m
  [1m[36mUser Load (0.5ms)[0m  [1mSELECT "users".* FROM "users" LIMIT 1[0m
  [1m[35mSQL (0.2ms)[0m   SELECT name
 FROM sqlite_master
 WHERE type = 'table' AND NOT name = 'sqlite_sequence'
  [1m[36mUser Load (0.4ms)[0m  [1mSELECT "users".* FROM "users" LIMIT 1[0m
  [1m[35mSQL (0.3ms)[0m   SELECT name
 FROM sqlite_master
 WHERE type = 'table' AND NOT name = 'sqlite_sequence'


Started GET "/microposts" for 127.0.0.1 at Wed Aug 10 13:00:41 -0700 2011
  Processing by MicropostsController#index as HTML
  [1m[36mSQL (0.6ms)[0m  [1m SELECT name
 FROM sqlite_master
 WHERE type = 'table' AND NOT name = 'sqlite_sequence'
[0m
Completed 500 Internal Server Error in 6ms

NoMethodError (undefined method `belong_to' for #<Class:0x10d390ef0>):
  app/models/micropost.rb:2
  app/controllers/microposts_controller.rb:5:in `index'

Rendered /Library/Ruby/Gems/1.8/gems/actionpack-3.0.9/lib/action_dispatch/middleware/templates/rescues/_trace.erb (1.2ms)
Rendered /Library/Ruby/Gems/1.8/gems/actionpack-3.0.9/lib/action_dispatch/middleware/templates/rescues/_request_and_response.erb (3.8ms)
Rendered /Library/Ruby/Gems/1.8/gems/actionpack-3.0.9/lib/action_dispatch/middleware/templates/rescues/diagnostics.erb within rescues/layout (9.7ms)
  [1m[36mUser Load (0.4ms)[0m  [1mSELECT "users".* FROM "users" LIMIT 1[0m
  [1m[35mSQL (0.2ms)[0m   SELECT name
 FROM sqlite_master
 WHERE type = 'table' AND NOT name = 'sqlite_sequence'
  [1m[36mUser Load (0.3ms)[0m  [1mSELECT "users".* FROM "users" LIMIT 1[0m
  [1m[35mSQL (0.3ms)[0m   SELECT name
 FROM sqlite_master
 WHERE type = 'table' AND NOT name = 'sqlite_sequence'
  [1m[36mUser Load (0.4ms)[0m  [1mSELECT "users".* FROM "users" LIMIT 1[0m
  [1m[35mMicropost Load (0.4ms)[0m  SELECT "microposts".* FROM "microposts" WHERE ("microposts".user_id = 1)
